{"/Users/nickbottomley/Documents/dev/experiments/jquery-controls/spec/jq-controls-spec.js":{"path":"/Users/nickbottomley/Documents/dev/experiments/jquery-controls/spec/jq-controls-spec.js","s":{"1":1,"2":1,"3":1,"4":1,"5":0,"6":0,"7":0,"8":0,"9":0,"10":0,"11":0,"12":1,"13":1,"14":0,"15":0,"16":0,"17":1,"18":1,"19":1,"20":0,"21":0,"22":0,"23":0,"24":0,"25":1,"26":0,"27":0,"28":0,"29":0,"30":1,"31":0,"32":0,"33":0,"34":0,"35":0,"36":0,"37":0,"38":0,"39":0,"40":0,"41":0,"42":0,"43":0,"44":0,"45":0,"46":0,"47":0,"48":0,"49":0,"50":0,"51":0,"52":0,"53":0,"54":0,"55":0,"56":0,"57":0,"58":0,"59":0,"60":0,"61":0,"62":0,"63":0,"64":0,"65":0,"66":0,"67":0,"68":0,"69":0,"70":0,"71":0,"72":0,"73":0,"74":0,"75":0,"76":0,"77":0,"78":0,"79":0,"80":0,"81":0,"82":0,"83":0,"84":0,"85":0,"86":0,"87":0,"88":0,"89":0,"90":0,"91":0,"92":0,"93":0,"94":0,"95":0,"96":0,"97":0,"98":0,"99":0,"100":0,"101":0,"102":0,"103":0,"104":0,"105":0,"106":0,"107":0,"108":0,"109":0,"110":0,"111":0,"112":0,"113":0,"114":0,"115":0,"116":0,"117":0,"118":0,"119":0,"120":0,"121":0,"122":0,"123":0,"124":0,"125":0,"126":0,"127":0,"128":0,"129":0,"130":0,"131":0,"132":0,"133":0,"134":0,"135":0,"136":0,"137":0,"138":0,"139":0,"140":0,"141":0,"142":0,"143":0,"144":0,"145":0,"146":0,"147":0,"148":0,"149":0,"150":0,"151":0,"152":0,"153":0,"154":0,"155":0,"156":0,"157":0,"158":0,"159":0,"160":0,"161":0,"162":0,"163":0,"164":0,"165":0,"166":0,"167":0,"168":0,"169":0,"170":0,"171":0,"172":0,"173":0,"174":0,"175":0,"176":0,"177":0,"178":0,"179":0,"180":0,"181":0,"182":0,"183":0,"184":0,"185":0,"186":0,"187":0,"188":0,"189":0,"190":0,"191":0,"192":0,"193":0,"194":0,"195":0,"196":0,"197":0,"198":0,"199":0,"200":0,"201":0,"202":0,"203":0,"204":0,"205":0,"206":0,"207":0,"208":0,"209":0,"210":0,"211":0,"212":0,"213":0,"214":0,"215":0,"216":0,"217":0,"218":0,"219":0,"220":0,"221":0,"222":0,"223":0,"224":0,"225":0,"226":0,"227":0,"228":0,"229":0,"230":0,"231":0,"232":0,"233":0,"234":0,"235":0,"236":0,"237":0,"238":0,"239":0,"240":0,"241":0,"242":0,"243":0,"244":0,"245":0,"246":0,"247":0,"248":0,"249":0,"250":0,"251":0,"252":0,"253":0,"254":0,"255":0,"256":0,"257":0,"258":0,"259":0,"260":0,"261":0,"262":0,"263":0,"264":0,"265":0,"266":0,"267":0,"268":0,"269":0,"270":0,"271":0,"272":0,"273":0,"274":0,"275":0,"276":0,"277":0,"278":0,"279":0,"280":0,"281":0,"282":0,"283":0,"284":0,"285":0,"286":0,"287":0,"288":0,"289":0,"290":0,"291":0,"292":0,"293":0,"294":0,"295":0,"296":0,"297":0,"298":0,"299":0,"300":0,"301":0,"302":0,"303":0,"304":0,"305":0,"306":0,"307":0,"308":0,"309":0,"310":0,"311":0,"312":0,"313":0,"314":0,"315":0,"316":0,"317":0,"318":0,"319":0,"320":0,"321":0,"322":0,"323":0,"324":0,"325":0,"326":0,"327":0,"328":0,"329":0,"330":0,"331":0,"332":0,"333":0,"334":0,"335":0,"336":0,"337":0,"338":0,"339":0,"340":0,"341":0,"342":0,"343":0,"344":0,"345":0,"346":0,"347":0,"348":0,"349":0,"350":0,"351":0,"352":0,"353":0,"354":0,"355":0,"356":0,"357":0,"358":0},"b":{"1":[1,0],"2":[0,1],"3":[0,0],"4":[0,0],"5":[0,0],"6":[0,0],"7":[0,0],"8":[1,1],"9":[1,0],"10":[0,0],"11":[0,0],"12":[0,0],"13":[0,0],"14":[0,0],"15":[0,0],"16":[0,0],"17":[0,0],"18":[0,0],"19":[0,0],"20":[0,0],"21":[0,0],"22":[0,0]},"f":{"1":1,"2":1,"3":0,"4":0,"5":0,"6":1,"7":0,"8":0,"9":0,"10":0,"11":0,"12":0,"13":0,"14":0,"15":0,"16":0,"17":0,"18":0,"19":0,"20":0,"21":0,"22":0,"23":0,"24":0,"25":0,"26":0,"27":0,"28":0,"29":0,"30":0,"31":0,"32":0,"33":0,"34":0,"35":0,"36":0,"37":0,"38":0,"39":0,"40":0,"41":0,"42":0,"43":0,"44":0,"45":0,"46":0,"47":0,"48":0,"49":0,"50":0,"51":0,"52":0,"53":0,"54":0,"55":0,"56":0,"57":0,"58":0,"59":0,"60":0,"61":0,"62":0,"63":0,"64":0,"65":0,"66":0,"67":0,"68":0,"69":0,"70":0,"71":0,"72":0,"73":0,"74":0,"75":0,"76":0,"77":0,"78":0,"79":0,"80":0,"81":0,"82":0,"83":0,"84":0,"85":0,"86":0,"87":0,"88":0,"89":0,"90":0,"91":0,"92":0,"93":0,"94":0,"95":0,"96":0,"97":0,"98":0,"99":0,"100":0,"101":0,"102":0,"103":0,"104":0,"105":0,"106":0,"107":0,"108":0,"109":0,"110":0,"111":0,"112":0,"113":0,"114":0,"115":0},"fnMap":{"1":{"name":"e","line":1,"loc":{"start":{"line":1,"column":1},"end":{"line":1,"column":18}}},"2":{"name":"s","line":1,"loc":{"start":{"line":1,"column":4},"end":{"line":1,"column":34}}},"3":{"name":"(anonymous_3)","line":1,"loc":{"start":{"line":1,"column":268},"end":{"line":1,"column":279}}},"4":{"name":"(anonymous_4)","line":1,"loc":{"start":{"line":1,"column":447},"end":{"line":1,"column":479}}},"5":{"name":"(anonymous_5)","line":4,"loc":{"start":{"line":4,"column":14},"end":{"line":4,"column":31}}},"6":{"name":"(anonymous_6)","line":20,"loc":{"start":{"line":20,"column":9},"end":{"line":20,"column":41}}},"7":{"name":"(anonymous_7)","line":22,"loc":{"start":{"line":22,"column":28},"end":{"line":22,"column":43}}},"8":{"name":"(anonymous_8)","line":40,"loc":{"start":{"line":40,"column":7},"end":{"line":40,"column":18}}},"9":{"name":"(anonymous_9)","line":50,"loc":{"start":{"line":50,"column":8},"end":{"line":50,"column":22}}},"10":{"name":"(anonymous_10)","line":54,"loc":{"start":{"line":54,"column":7},"end":{"line":54,"column":21}}},"11":{"name":"(anonymous_11)","line":58,"loc":{"start":{"line":58,"column":24},"end":{"line":58,"column":35}}},"12":{"name":"(anonymous_12)","line":62,"loc":{"start":{"line":62,"column":10},"end":{"line":62,"column":23}}},"13":{"name":"(anonymous_13)","line":69,"loc":{"start":{"line":69,"column":13},"end":{"line":69,"column":31}}},"14":{"name":"(anonymous_14)","line":79,"loc":{"start":{"line":79,"column":33},"end":{"line":79,"column":44}}},"15":{"name":"(anonymous_15)","line":80,"loc":{"start":{"line":80,"column":28},"end":{"line":80,"column":39}}},"16":{"name":"(anonymous_16)","line":81,"loc":{"start":{"line":81,"column":17},"end":{"line":81,"column":28}}},"17":{"name":"(anonymous_17)","line":84,"loc":{"start":{"line":84,"column":23},"end":{"line":84,"column":34}}},"18":{"name":"(anonymous_18)","line":94,"loc":{"start":{"line":94,"column":39},"end":{"line":94,"column":50}}},"19":{"name":"(anonymous_19)","line":98,"loc":{"start":{"line":98,"column":13},"end":{"line":98,"column":24}}},"20":{"name":"(anonymous_20)","line":101,"loc":{"start":{"line":101,"column":54},"end":{"line":101,"column":65}}},"21":{"name":"(anonymous_21)","line":103,"loc":{"start":{"line":103,"column":17},"end":{"line":103,"column":28}}},"22":{"name":"(anonymous_22)","line":106,"loc":{"start":{"line":106,"column":17},"end":{"line":106,"column":31}}},"23":{"name":"(anonymous_23)","line":109,"loc":{"start":{"line":109,"column":13},"end":{"line":109,"column":27}}},"24":{"name":"(anonymous_24)","line":112,"loc":{"start":{"line":112,"column":29},"end":{"line":112,"column":40}}},"25":{"name":"(anonymous_25)","line":118,"loc":{"start":{"line":118,"column":39},"end":{"line":118,"column":50}}},"26":{"name":"(anonymous_26)","line":124,"loc":{"start":{"line":124,"column":63},"end":{"line":124,"column":74}}},"27":{"name":"(anonymous_27)","line":130,"loc":{"start":{"line":130,"column":69},"end":{"line":130,"column":80}}},"28":{"name":"(anonymous_28)","line":131,"loc":{"start":{"line":131,"column":72},"end":{"line":131,"column":83}}},"29":{"name":"(anonymous_29)","line":138,"loc":{"start":{"line":138,"column":57},"end":{"line":138,"column":68}}},"30":{"name":"(anonymous_30)","line":139,"loc":{"start":{"line":139,"column":67},"end":{"line":139,"column":78}}},"31":{"name":"(anonymous_31)","line":143,"loc":{"start":{"line":143,"column":9},"end":{"line":143,"column":20}}},"32":{"name":"(anonymous_32)","line":145,"loc":{"start":{"line":145,"column":13},"end":{"line":145,"column":24}}},"33":{"name":"(anonymous_33)","line":150,"loc":{"start":{"line":150,"column":9},"end":{"line":150,"column":20}}},"34":{"name":"(anonymous_34)","line":152,"loc":{"start":{"line":152,"column":13},"end":{"line":152,"column":24}}},"35":{"name":"(anonymous_35)","line":164,"loc":{"start":{"line":164,"column":38},"end":{"line":164,"column":49}}},"36":{"name":"(anonymous_36)","line":170,"loc":{"start":{"line":170,"column":13},"end":{"line":170,"column":24}}},"37":{"name":"(anonymous_37)","line":177,"loc":{"start":{"line":177,"column":24},"end":{"line":177,"column":35}}},"38":{"name":"(anonymous_38)","line":178,"loc":{"start":{"line":178,"column":38},"end":{"line":178,"column":49}}},"39":{"name":"(anonymous_39)","line":181,"loc":{"start":{"line":181,"column":29},"end":{"line":181,"column":40}}},"40":{"name":"(anonymous_40)","line":187,"loc":{"start":{"line":187,"column":43},"end":{"line":187,"column":54}}},"41":{"name":"(anonymous_41)","line":193,"loc":{"start":{"line":193,"column":29},"end":{"line":193,"column":40}}},"42":{"name":"(anonymous_42)","line":195,"loc":{"start":{"line":195,"column":24},"end":{"line":195,"column":35}}},"43":{"name":"(anonymous_43)","line":201,"loc":{"start":{"line":201,"column":37},"end":{"line":201,"column":48}}},"44":{"name":"(anonymous_44)","line":209,"loc":{"start":{"line":209,"column":21},"end":{"line":209,"column":32}}},"45":{"name":"(anonymous_45)","line":210,"loc":{"start":{"line":210,"column":38},"end":{"line":210,"column":49}}},"46":{"name":"(anonymous_46)","line":213,"loc":{"start":{"line":213,"column":29},"end":{"line":213,"column":40}}},"47":{"name":"(anonymous_47)","line":219,"loc":{"start":{"line":219,"column":43},"end":{"line":219,"column":54}}},"48":{"name":"(anonymous_48)","line":223,"loc":{"start":{"line":223,"column":34},"end":{"line":223,"column":47}}},"49":{"name":"(anonymous_49)","line":228,"loc":{"start":{"line":228,"column":29},"end":{"line":228,"column":40}}},"50":{"name":"(anonymous_50)","line":230,"loc":{"start":{"line":230,"column":29},"end":{"line":230,"column":40}}},"51":{"name":"(anonymous_51)","line":233,"loc":{"start":{"line":233,"column":38},"end":{"line":233,"column":51}}},"52":{"name":"(anonymous_52)","line":238,"loc":{"start":{"line":238,"column":37},"end":{"line":238,"column":48}}},"53":{"name":"(anonymous_53)","line":240,"loc":{"start":{"line":240,"column":32},"end":{"line":240,"column":43}}},"54":{"name":"(anonymous_54)","line":244,"loc":{"start":{"line":244,"column":43},"end":{"line":244,"column":56}}},"55":{"name":"(anonymous_55)","line":251,"loc":{"start":{"line":251,"column":23},"end":{"line":251,"column":34}}},"56":{"name":"(anonymous_56)","line":252,"loc":{"start":{"line":252,"column":74},"end":{"line":252,"column":85}}},"57":{"name":"(anonymous_57)","line":280,"loc":{"start":{"line":280,"column":23},"end":{"line":280,"column":34}}},"58":{"name":"(anonymous_58)","line":281,"loc":{"start":{"line":281,"column":54},"end":{"line":281,"column":65}}},"59":{"name":"(anonymous_59)","line":287,"loc":{"start":{"line":287,"column":49},"end":{"line":287,"column":62}}},"60":{"name":"(anonymous_60)","line":290,"loc":{"start":{"line":290,"column":43},"end":{"line":290,"column":56}}},"61":{"name":"(anonymous_61)","line":293,"loc":{"start":{"line":293,"column":58},"end":{"line":293,"column":71}}},"62":{"name":"(anonymous_62)","line":298,"loc":{"start":{"line":298,"column":28},"end":{"line":298,"column":39}}},"63":{"name":"(anonymous_63)","line":299,"loc":{"start":{"line":299,"column":24},"end":{"line":299,"column":35}}},"64":{"name":"(anonymous_64)","line":300,"loc":{"start":{"line":300,"column":21},"end":{"line":300,"column":32}}},"65":{"name":"(anonymous_65)","line":301,"loc":{"start":{"line":301,"column":45},"end":{"line":301,"column":56}}},"66":{"name":"(anonymous_66)","line":303,"loc":{"start":{"line":303,"column":50},"end":{"line":303,"column":63}}},"67":{"name":"(anonymous_67)","line":308,"loc":{"start":{"line":308,"column":23},"end":{"line":308,"column":34}}},"68":{"name":"(anonymous_68)","line":309,"loc":{"start":{"line":309,"column":47},"end":{"line":309,"column":58}}},"69":{"name":"(anonymous_69)","line":312,"loc":{"start":{"line":312,"column":50},"end":{"line":312,"column":63}}},"70":{"name":"(anonymous_70)","line":317,"loc":{"start":{"line":317,"column":23},"end":{"line":317,"column":34}}},"71":{"name":"(anonymous_71)","line":318,"loc":{"start":{"line":318,"column":54},"end":{"line":318,"column":65}}},"72":{"name":"(anonymous_72)","line":320,"loc":{"start":{"line":320,"column":46},"end":{"line":320,"column":59}}},"73":{"name":"(anonymous_73)","line":325,"loc":{"start":{"line":325,"column":25},"end":{"line":325,"column":36}}},"74":{"name":"(anonymous_74)","line":326,"loc":{"start":{"line":326,"column":58},"end":{"line":326,"column":69}}},"75":{"name":"(anonymous_75)","line":328,"loc":{"start":{"line":328,"column":39},"end":{"line":328,"column":52}}},"76":{"name":"(anonymous_76)","line":332,"loc":{"start":{"line":332,"column":32},"end":{"line":332,"column":45}}},"77":{"name":"(anonymous_77)","line":337,"loc":{"start":{"line":337,"column":23},"end":{"line":337,"column":34}}},"78":{"name":"(anonymous_78)","line":338,"loc":{"start":{"line":338,"column":50},"end":{"line":338,"column":61}}},"79":{"name":"(anonymous_79)","line":340,"loc":{"start":{"line":340,"column":46},"end":{"line":340,"column":59}}},"80":{"name":"(anonymous_80)","line":345,"loc":{"start":{"line":345,"column":22},"end":{"line":345,"column":33}}},"81":{"name":"(anonymous_81)","line":346,"loc":{"start":{"line":346,"column":49},"end":{"line":346,"column":60}}},"82":{"name":"(anonymous_82)","line":348,"loc":{"start":{"line":348,"column":39},"end":{"line":348,"column":52}}},"83":{"name":"(anonymous_83)","line":352,"loc":{"start":{"line":352,"column":46},"end":{"line":352,"column":59}}},"84":{"name":"(anonymous_84)","line":357,"loc":{"start":{"line":357,"column":22},"end":{"line":357,"column":33}}},"85":{"name":"(anonymous_85)","line":358,"loc":{"start":{"line":358,"column":52},"end":{"line":358,"column":63}}},"86":{"name":"(anonymous_86)","line":361,"loc":{"start":{"line":361,"column":52},"end":{"line":361,"column":70}}},"87":{"name":"(anonymous_87)","line":370,"loc":{"start":{"line":370,"column":21},"end":{"line":370,"column":32}}},"88":{"name":"(anonymous_88)","line":371,"loc":{"start":{"line":371,"column":48},"end":{"line":371,"column":59}}},"89":{"name":"(anonymous_89)","line":378,"loc":{"start":{"line":378,"column":73},"end":{"line":378,"column":84}}},"90":{"name":"(anonymous_90)","line":380,"loc":{"start":{"line":380,"column":53},"end":{"line":380,"column":64}}},"91":{"name":"(anonymous_91)","line":387,"loc":{"start":{"line":387,"column":79},"end":{"line":387,"column":90}}},"92":{"name":"(anonymous_92)","line":389,"loc":{"start":{"line":389,"column":53},"end":{"line":389,"column":64}}},"93":{"name":"(anonymous_93)","line":397,"loc":{"start":{"line":397,"column":29},"end":{"line":397,"column":40}}},"94":{"name":"(anonymous_94)","line":402,"loc":{"start":{"line":402,"column":37},"end":{"line":402,"column":48}}},"95":{"name":"(anonymous_95)","line":406,"loc":{"start":{"line":406,"column":13},"end":{"line":406,"column":24}}},"96":{"name":"(anonymous_96)","line":410,"loc":{"start":{"line":410,"column":45},"end":{"line":410,"column":56}}},"97":{"name":"(anonymous_97)","line":413,"loc":{"start":{"line":413,"column":20},"end":{"line":413,"column":37}}},"98":{"name":"(anonymous_98)","line":414,"loc":{"start":{"line":414,"column":57},"end":{"line":414,"column":68}}},"99":{"name":"(anonymous_99)","line":421,"loc":{"start":{"line":421,"column":44},"end":{"line":421,"column":55}}},"100":{"name":"(anonymous_100)","line":423,"loc":{"start":{"line":423,"column":27},"end":{"line":423,"column":38}}},"101":{"name":"(anonymous_101)","line":428,"loc":{"start":{"line":428,"column":45},"end":{"line":428,"column":56}}},"102":{"name":"(anonymous_102)","line":431,"loc":{"start":{"line":431,"column":27},"end":{"line":431,"column":44}}},"103":{"name":"(anonymous_103)","line":432,"loc":{"start":{"line":432,"column":59},"end":{"line":432,"column":70}}},"104":{"name":"(anonymous_104)","line":437,"loc":{"start":{"line":437,"column":43},"end":{"line":437,"column":54}}},"105":{"name":"(anonymous_105)","line":438,"loc":{"start":{"line":438,"column":47},"end":{"line":438,"column":58}}},"106":{"name":"(anonymous_106)","line":439,"loc":{"start":{"line":439,"column":30},"end":{"line":439,"column":41}}},"107":{"name":"(anonymous_107)","line":444,"loc":{"start":{"line":444,"column":31},"end":{"line":444,"column":42}}},"108":{"name":"(anonymous_108)","line":449,"loc":{"start":{"line":449,"column":13},"end":{"line":449,"column":24}}},"109":{"name":"(anonymous_109)","line":453,"loc":{"start":{"line":453,"column":90},"end":{"line":453,"column":101}}},"110":{"name":"(anonymous_110)","line":454,"loc":{"start":{"line":454,"column":64},"end":{"line":454,"column":81}}},"111":{"name":"(anonymous_111)","line":474,"loc":{"start":{"line":474,"column":87},"end":{"line":474,"column":119}}},"112":{"name":"(anonymous_112)","line":485,"loc":{"start":{"line":485,"column":9},"end":{"line":485,"column":41}}},"113":{"name":"(anonymous_113)","line":487,"loc":{"start":{"line":487,"column":28},"end":{"line":487,"column":43}}},"114":{"name":"(anonymous_114)","line":492,"loc":{"start":{"line":492,"column":17},"end":{"line":492,"column":38}}},"115":{"name":"(anonymous_115)","line":499,"loc":{"start":{"line":499,"column":22},"end":{"line":499,"column":35}}}},"statementMap":{"1":{"start":{"line":1,"column":0},"end":{"line":507,"column":15}},"2":{"start":{"line":1,"column":4},"end":{"line":1,"column":355}},"3":{"start":{"line":1,"column":35},"end":{"line":1,"column":335}},"4":{"start":{"line":1,"column":45},"end":{"line":1,"column":221}},"5":{"start":{"line":1,"column":55},"end":{"line":1,"column":97}},"6":{"start":{"line":1,"column":97},"end":{"line":1,"column":121}},"7":{"start":{"line":1,"column":106},"end":{"line":1,"column":121}},"8":{"start":{"line":1,"column":121},"end":{"line":1,"column":141}},"9":{"start":{"line":1,"column":126},"end":{"line":1,"column":141}},"10":{"start":{"line":1,"column":141},"end":{"line":1,"column":187}},"11":{"start":{"line":1,"column":187},"end":{"line":1,"column":220}},"12":{"start":{"line":1,"column":221},"end":{"line":1,"column":245}},"13":{"start":{"line":1,"column":245},"end":{"line":1,"column":334}},"14":{"start":{"line":1,"column":280},"end":{"line":1,"column":297}},"15":{"start":{"line":1,"column":297},"end":{"line":1,"column":312}},"16":{"start":{"line":1,"column":335},"end":{"line":1,"column":354}},"17":{"start":{"line":1,"column":355},"end":{"line":1,"column":397}},"18":{"start":{"line":1,"column":397},"end":{"line":1,"column":432}},"19":{"start":{"line":1,"column":424},"end":{"line":1,"column":432}},"20":{"start":{"line":1,"column":432},"end":{"line":1,"column":440}},"21":{"start":{"line":2,"column":0},"end":{"line":2,"column":16}},"22":{"start":{"line":4,"column":0},"end":{"line":6,"column":2}},"23":{"start":{"line":5,"column":2},"end":{"line":5,"column":46}},"24":{"start":{"line":8,"column":0},"end":{"line":16,"column":2}},"25":{"start":{"line":21,"column":0},"end":{"line":22,"column":152}},"26":{"start":{"line":22,"column":45},"end":{"line":22,"column":138}},"27":{"start":{"line":22,"column":92},"end":{"line":22,"column":136}},"28":{"start":{"line":22,"column":127},"end":{"line":22,"column":136}},"29":{"start":{"line":22,"column":139},"end":{"line":22,"column":149}},"30":{"start":{"line":26,"column":0},"end":{"line":26,"column":23}},"31":{"start":{"line":28,"column":0},"end":{"line":28,"column":51}},"32":{"start":{"line":30,"column":0},"end":{"line":30,"column":21}},"33":{"start":{"line":32,"column":0},"end":{"line":32,"column":28}},"34":{"start":{"line":34,"column":0},"end":{"line":34,"column":65}},"35":{"start":{"line":36,"column":0},"end":{"line":36,"column":160}},"36":{"start":{"line":38,"column":0},"end":{"line":38,"column":151}},"37":{"start":{"line":40,"column":0},"end":{"line":48,"column":2}},"38":{"start":{"line":41,"column":2},"end":{"line":41,"column":25}},"39":{"start":{"line":42,"column":2},"end":{"line":42,"column":11}},"40":{"start":{"line":43,"column":2},"end":{"line":46,"column":3}},"41":{"start":{"line":44,"column":4},"end":{"line":44,"column":24}},"42":{"start":{"line":45,"column":4},"end":{"line":45,"column":35}},"43":{"start":{"line":47,"column":2},"end":{"line":47,"column":24}},"44":{"start":{"line":50,"column":0},"end":{"line":52,"column":2}},"45":{"start":{"line":51,"column":2},"end":{"line":51,"column":16}},"46":{"start":{"line":54,"column":0},"end":{"line":56,"column":2}},"47":{"start":{"line":55,"column":2},"end":{"line":55,"column":29}},"48":{"start":{"line":58,"column":0},"end":{"line":75,"column":5}},"49":{"start":{"line":59,"column":2},"end":{"line":59,"column":14}},"50":{"start":{"line":60,"column":2},"end":{"line":60,"column":15}},"51":{"start":{"line":61,"column":2},"end":{"line":74,"column":4}},"52":{"start":{"line":63,"column":6},"end":{"line":67,"column":7}},"53":{"start":{"line":64,"column":8},"end":{"line":64,"column":43}},"54":{"start":{"line":66,"column":8},"end":{"line":66,"column":20}},"55":{"start":{"line":70,"column":6},"end":{"line":70,"column":13}},"56":{"start":{"line":71,"column":6},"end":{"line":71,"column":33}},"57":{"start":{"line":72,"column":6},"end":{"line":72,"column":35}},"58":{"start":{"line":77,"column":0},"end":{"line":77,"column":4089}},"59":{"start":{"line":79,"column":0},"end":{"line":92,"column":3}},"60":{"start":{"line":80,"column":2},"end":{"line":91,"column":5}},"61":{"start":{"line":81,"column":4},"end":{"line":83,"column":7}},"62":{"start":{"line":82,"column":6},"end":{"line":82,"column":60}},"63":{"start":{"line":84,"column":4},"end":{"line":90,"column":7}},"64":{"start":{"line":85,"column":6},"end":{"line":85,"column":27}},"65":{"start":{"line":86,"column":6},"end":{"line":86,"column":34}},"66":{"start":{"line":87,"column":6},"end":{"line":87,"column":32}},"67":{"start":{"line":88,"column":6},"end":{"line":88,"column":51}},"68":{"start":{"line":89,"column":6},"end":{"line":89,"column":62}},"69":{"start":{"line":94,"column":0},"end":{"line":162,"column":3}},"70":{"start":{"line":95,"column":2},"end":{"line":95,"column":18}},"71":{"start":{"line":96,"column":2},"end":{"line":96,"column":35}},"72":{"start":{"line":97,"column":2},"end":{"line":97,"column":14}},"73":{"start":{"line":98,"column":2},"end":{"line":100,"column":5}},"74":{"start":{"line":99,"column":4},"end":{"line":99,"column":43}},"75":{"start":{"line":101,"column":2},"end":{"line":129,"column":5}},"76":{"start":{"line":102,"column":4},"end":{"line":102,"column":39}},"77":{"start":{"line":103,"column":4},"end":{"line":105,"column":6}},"78":{"start":{"line":104,"column":6},"end":{"line":104,"column":50}},"79":{"start":{"line":106,"column":4},"end":{"line":108,"column":6}},"80":{"start":{"line":107,"column":6},"end":{"line":107,"column":43}},"81":{"start":{"line":109,"column":4},"end":{"line":111,"column":6}},"82":{"start":{"line":110,"column":6},"end":{"line":110,"column":26}},"83":{"start":{"line":112,"column":4},"end":{"line":117,"column":7}},"84":{"start":{"line":113,"column":6},"end":{"line":113,"column":14}},"85":{"start":{"line":114,"column":6},"end":{"line":114,"column":47}},"86":{"start":{"line":115,"column":6},"end":{"line":115,"column":55}},"87":{"start":{"line":116,"column":6},"end":{"line":116,"column":63}},"88":{"start":{"line":118,"column":4},"end":{"line":123,"column":7}},"89":{"start":{"line":119,"column":6},"end":{"line":119,"column":14}},"90":{"start":{"line":120,"column":6},"end":{"line":120,"column":47}},"91":{"start":{"line":121,"column":6},"end":{"line":121,"column":62}},"92":{"start":{"line":122,"column":6},"end":{"line":122,"column":70}},"93":{"start":{"line":124,"column":4},"end":{"line":128,"column":7}},"94":{"start":{"line":125,"column":6},"end":{"line":125,"column":14}},"95":{"start":{"line":126,"column":6},"end":{"line":126,"column":47}},"96":{"start":{"line":127,"column":6},"end":{"line":127,"column":66}},"97":{"start":{"line":130,"column":2},"end":{"line":137,"column":5}},"98":{"start":{"line":131,"column":4},"end":{"line":136,"column":7}},"99":{"start":{"line":132,"column":6},"end":{"line":132,"column":14}},"100":{"start":{"line":133,"column":6},"end":{"line":133,"column":45}},"101":{"start":{"line":134,"column":6},"end":{"line":134,"column":43}},"102":{"start":{"line":135,"column":6},"end":{"line":135,"column":51}},"103":{"start":{"line":138,"column":2},"end":{"line":161,"column":5}},"104":{"start":{"line":139,"column":4},"end":{"line":160,"column":7}},"105":{"start":{"line":140,"column":6},"end":{"line":140,"column":14}},"106":{"start":{"line":141,"column":6},"end":{"line":141,"column":45}},"107":{"start":{"line":142,"column":6},"end":{"line":148,"column":9}},"108":{"start":{"line":144,"column":10},"end":{"line":144,"column":38}},"109":{"start":{"line":146,"column":10},"end":{"line":146,"column":38}},"110":{"start":{"line":149,"column":6},"end":{"line":155,"column":9}},"111":{"start":{"line":151,"column":10},"end":{"line":151,"column":38}},"112":{"start":{"line":153,"column":10},"end":{"line":153,"column":38}},"113":{"start":{"line":156,"column":6},"end":{"line":156,"column":43}},"114":{"start":{"line":157,"column":6},"end":{"line":157,"column":44}},"115":{"start":{"line":158,"column":6},"end":{"line":158,"column":46}},"116":{"start":{"line":159,"column":6},"end":{"line":159,"column":53}},"117":{"start":{"line":164,"column":0},"end":{"line":400,"column":3}},"118":{"start":{"line":165,"column":2},"end":{"line":165,"column":28}},"119":{"start":{"line":166,"column":2},"end":{"line":166,"column":16}},"120":{"start":{"line":167,"column":2},"end":{"line":167,"column":16}},"121":{"start":{"line":168,"column":2},"end":{"line":168,"column":16}},"122":{"start":{"line":169,"column":2},"end":{"line":169,"column":15}},"123":{"start":{"line":170,"column":2},"end":{"line":176,"column":5}},"124":{"start":{"line":171,"column":4},"end":{"line":171,"column":13}},"125":{"start":{"line":172,"column":4},"end":{"line":172,"column":32}},"126":{"start":{"line":173,"column":4},"end":{"line":173,"column":19}},"127":{"start":{"line":174,"column":4},"end":{"line":174,"column":30}},"128":{"start":{"line":175,"column":4},"end":{"line":175,"column":63}},"129":{"start":{"line":177,"column":2},"end":{"line":208,"column":5}},"130":{"start":{"line":178,"column":4},"end":{"line":180,"column":7}},"131":{"start":{"line":179,"column":6},"end":{"line":179,"column":73}},"132":{"start":{"line":181,"column":4},"end":{"line":186,"column":7}},"133":{"start":{"line":182,"column":6},"end":{"line":182,"column":19}},"134":{"start":{"line":183,"column":6},"end":{"line":183,"column":34}},"135":{"start":{"line":184,"column":6},"end":{"line":184,"column":32}},"136":{"start":{"line":185,"column":6},"end":{"line":185,"column":60}},"137":{"start":{"line":187,"column":4},"end":{"line":192,"column":7}},"138":{"start":{"line":188,"column":6},"end":{"line":188,"column":19}},"139":{"start":{"line":189,"column":6},"end":{"line":189,"column":26}},"140":{"start":{"line":190,"column":6},"end":{"line":190,"column":34}},"141":{"start":{"line":191,"column":6},"end":{"line":191,"column":60}},"142":{"start":{"line":193,"column":4},"end":{"line":200,"column":7}},"143":{"start":{"line":194,"column":6},"end":{"line":194,"column":19}},"144":{"start":{"line":195,"column":6},"end":{"line":197,"column":9}},"145":{"start":{"line":196,"column":8},"end":{"line":196,"column":55}},"146":{"start":{"line":198,"column":6},"end":{"line":198,"column":26}},"147":{"start":{"line":199,"column":6},"end":{"line":199,"column":60}},"148":{"start":{"line":201,"column":4},"end":{"line":206,"column":7}},"149":{"start":{"line":202,"column":6},"end":{"line":202,"column":19}},"150":{"start":{"line":203,"column":6},"end":{"line":203,"column":32}},"151":{"start":{"line":204,"column":6},"end":{"line":204,"column":29}},"152":{"start":{"line":205,"column":6},"end":{"line":205,"column":60}},"153":{"start":{"line":207,"column":4},"end":{"line":207,"column":47}},"154":{"start":{"line":209,"column":2},"end":{"line":250,"column":5}},"155":{"start":{"line":210,"column":4},"end":{"line":212,"column":7}},"156":{"start":{"line":211,"column":6},"end":{"line":211,"column":69}},"157":{"start":{"line":213,"column":4},"end":{"line":218,"column":7}},"158":{"start":{"line":214,"column":6},"end":{"line":214,"column":29}},"159":{"start":{"line":215,"column":6},"end":{"line":215,"column":46}},"160":{"start":{"line":216,"column":6},"end":{"line":216,"column":35}},"161":{"start":{"line":217,"column":6},"end":{"line":217,"column":70}},"162":{"start":{"line":219,"column":4},"end":{"line":227,"column":7}},"163":{"start":{"line":220,"column":6},"end":{"line":220,"column":39}},"164":{"start":{"line":221,"column":6},"end":{"line":221,"column":40}},"165":{"start":{"line":222,"column":6},"end":{"line":222,"column":34}},"166":{"start":{"line":223,"column":6},"end":{"line":225,"column":9}},"167":{"start":{"line":224,"column":8},"end":{"line":224,"column":52}},"168":{"start":{"line":226,"column":6},"end":{"line":226,"column":48}},"169":{"start":{"line":228,"column":4},"end":{"line":237,"column":7}},"170":{"start":{"line":229,"column":6},"end":{"line":229,"column":35}},"171":{"start":{"line":230,"column":6},"end":{"line":232,"column":9}},"172":{"start":{"line":231,"column":8},"end":{"line":231,"column":33}},"173":{"start":{"line":233,"column":6},"end":{"line":235,"column":9}},"174":{"start":{"line":234,"column":8},"end":{"line":234,"column":31}},"175":{"start":{"line":236,"column":6},"end":{"line":236,"column":76}},"176":{"start":{"line":238,"column":4},"end":{"line":248,"column":7}},"177":{"start":{"line":239,"column":6},"end":{"line":239,"column":53}},"178":{"start":{"line":240,"column":6},"end":{"line":242,"column":9}},"179":{"start":{"line":241,"column":8},"end":{"line":241,"column":33}},"180":{"start":{"line":243,"column":6},"end":{"line":243,"column":44}},"181":{"start":{"line":244,"column":6},"end":{"line":246,"column":9}},"182":{"start":{"line":245,"column":8},"end":{"line":245,"column":33}},"183":{"start":{"line":247,"column":6},"end":{"line":247,"column":52}},"184":{"start":{"line":249,"column":4},"end":{"line":249,"column":47}},"185":{"start":{"line":251,"column":2},"end":{"line":279,"column":5}},"186":{"start":{"line":252,"column":4},"end":{"line":278,"column":7}},"187":{"start":{"line":253,"column":6},"end":{"line":253,"column":42}},"188":{"start":{"line":254,"column":6},"end":{"line":254,"column":40}},"189":{"start":{"line":255,"column":6},"end":{"line":255,"column":20}},"190":{"start":{"line":256,"column":6},"end":{"line":256,"column":32}},"191":{"start":{"line":257,"column":6},"end":{"line":257,"column":33}},"192":{"start":{"line":258,"column":6},"end":{"line":258,"column":33}},"193":{"start":{"line":259,"column":6},"end":{"line":259,"column":33}},"194":{"start":{"line":260,"column":6},"end":{"line":260,"column":33}},"195":{"start":{"line":261,"column":6},"end":{"line":261,"column":20}},"196":{"start":{"line":262,"column":6},"end":{"line":262,"column":20}},"197":{"start":{"line":263,"column":6},"end":{"line":263,"column":26}},"198":{"start":{"line":264,"column":6},"end":{"line":264,"column":20}},"199":{"start":{"line":265,"column":6},"end":{"line":265,"column":26}},"200":{"start":{"line":266,"column":6},"end":{"line":266,"column":20}},"201":{"start":{"line":267,"column":6},"end":{"line":267,"column":26}},"202":{"start":{"line":268,"column":6},"end":{"line":268,"column":26}},"203":{"start":{"line":269,"column":6},"end":{"line":269,"column":19}},"204":{"start":{"line":270,"column":6},"end":{"line":270,"column":39}},"205":{"start":{"line":271,"column":6},"end":{"line":271,"column":39}},"206":{"start":{"line":272,"column":6},"end":{"line":272,"column":41}},"207":{"start":{"line":273,"column":6},"end":{"line":273,"column":41}},"208":{"start":{"line":274,"column":6},"end":{"line":274,"column":41}},"209":{"start":{"line":275,"column":6},"end":{"line":275,"column":40}},"210":{"start":{"line":276,"column":6},"end":{"line":276,"column":41}},"211":{"start":{"line":277,"column":6},"end":{"line":277,"column":48}},"212":{"start":{"line":280,"column":2},"end":{"line":297,"column":5}},"213":{"start":{"line":281,"column":4},"end":{"line":296,"column":7}},"214":{"start":{"line":282,"column":6},"end":{"line":282,"column":26}},"215":{"start":{"line":283,"column":6},"end":{"line":283,"column":40}},"216":{"start":{"line":284,"column":6},"end":{"line":284,"column":20}},"217":{"start":{"line":285,"column":6},"end":{"line":285,"column":32}},"218":{"start":{"line":286,"column":6},"end":{"line":286,"column":19}},"219":{"start":{"line":287,"column":6},"end":{"line":289,"column":25}},"220":{"start":{"line":288,"column":8},"end":{"line":288,"column":31}},"221":{"start":{"line":290,"column":6},"end":{"line":292,"column":25}},"222":{"start":{"line":291,"column":8},"end":{"line":291,"column":36}},"223":{"start":{"line":293,"column":6},"end":{"line":295,"column":25}},"224":{"start":{"line":294,"column":8},"end":{"line":294,"column":37}},"225":{"start":{"line":298,"column":2},"end":{"line":298,"column":43}},"226":{"start":{"line":299,"column":2},"end":{"line":299,"column":39}},"227":{"start":{"line":300,"column":2},"end":{"line":307,"column":5}},"228":{"start":{"line":301,"column":4},"end":{"line":306,"column":7}},"229":{"start":{"line":302,"column":6},"end":{"line":302,"column":19}},"230":{"start":{"line":303,"column":6},"end":{"line":305,"column":25}},"231":{"start":{"line":304,"column":8},"end":{"line":304,"column":35}},"232":{"start":{"line":308,"column":2},"end":{"line":316,"column":5}},"233":{"start":{"line":309,"column":4},"end":{"line":315,"column":7}},"234":{"start":{"line":310,"column":6},"end":{"line":310,"column":19}},"235":{"start":{"line":311,"column":6},"end":{"line":311,"column":21}},"236":{"start":{"line":312,"column":6},"end":{"line":314,"column":25}},"237":{"start":{"line":313,"column":8},"end":{"line":313,"column":47}},"238":{"start":{"line":317,"column":2},"end":{"line":324,"column":5}},"239":{"start":{"line":318,"column":4},"end":{"line":323,"column":7}},"240":{"start":{"line":319,"column":6},"end":{"line":319,"column":21}},"241":{"start":{"line":320,"column":6},"end":{"line":322,"column":25}},"242":{"start":{"line":321,"column":8},"end":{"line":321,"column":36}},"243":{"start":{"line":325,"column":2},"end":{"line":336,"column":5}},"244":{"start":{"line":326,"column":4},"end":{"line":335,"column":7}},"245":{"start":{"line":327,"column":6},"end":{"line":327,"column":21}},"246":{"start":{"line":328,"column":6},"end":{"line":330,"column":25}},"247":{"start":{"line":329,"column":8},"end":{"line":329,"column":36}},"248":{"start":{"line":331,"column":6},"end":{"line":331,"column":23}},"249":{"start":{"line":332,"column":6},"end":{"line":334,"column":25}},"250":{"start":{"line":333,"column":8},"end":{"line":333,"column":37}},"251":{"start":{"line":337,"column":2},"end":{"line":344,"column":5}},"252":{"start":{"line":338,"column":4},"end":{"line":343,"column":7}},"253":{"start":{"line":339,"column":6},"end":{"line":339,"column":21}},"254":{"start":{"line":340,"column":6},"end":{"line":342,"column":25}},"255":{"start":{"line":341,"column":8},"end":{"line":341,"column":36}},"256":{"start":{"line":345,"column":2},"end":{"line":356,"column":5}},"257":{"start":{"line":346,"column":4},"end":{"line":355,"column":7}},"258":{"start":{"line":347,"column":6},"end":{"line":347,"column":21}},"259":{"start":{"line":348,"column":6},"end":{"line":350,"column":25}},"260":{"start":{"line":349,"column":8},"end":{"line":349,"column":36}},"261":{"start":{"line":351,"column":6},"end":{"line":351,"column":20}},"262":{"start":{"line":352,"column":6},"end":{"line":354,"column":25}},"263":{"start":{"line":353,"column":8},"end":{"line":353,"column":37}},"264":{"start":{"line":357,"column":2},"end":{"line":369,"column":5}},"265":{"start":{"line":358,"column":4},"end":{"line":368,"column":7}},"266":{"start":{"line":359,"column":6},"end":{"line":359,"column":21}},"267":{"start":{"line":360,"column":6},"end":{"line":360,"column":39}},"268":{"start":{"line":361,"column":6},"end":{"line":366,"column":13}},"269":{"start":{"line":362,"column":8},"end":{"line":364,"column":9}},"270":{"start":{"line":363,"column":10},"end":{"line":363,"column":47}},"271":{"start":{"line":365,"column":8},"end":{"line":365,"column":19}},"272":{"start":{"line":367,"column":6},"end":{"line":367,"column":84}},"273":{"start":{"line":370,"column":2},"end":{"line":396,"column":5}},"274":{"start":{"line":371,"column":4},"end":{"line":377,"column":7}},"275":{"start":{"line":372,"column":6},"end":{"line":372,"column":15}},"276":{"start":{"line":373,"column":6},"end":{"line":373,"column":53}},"277":{"start":{"line":374,"column":6},"end":{"line":374,"column":19}},"278":{"start":{"line":375,"column":6},"end":{"line":375,"column":40}},"279":{"start":{"line":376,"column":6},"end":{"line":376,"column":28}},"280":{"start":{"line":378,"column":4},"end":{"line":386,"column":7}},"281":{"start":{"line":379,"column":6},"end":{"line":379,"column":15}},"282":{"start":{"line":380,"column":6},"end":{"line":382,"column":9}},"283":{"start":{"line":381,"column":8},"end":{"line":381,"column":20}},"284":{"start":{"line":383,"column":6},"end":{"line":383,"column":41}},"285":{"start":{"line":384,"column":6},"end":{"line":384,"column":51}},"286":{"start":{"line":385,"column":6},"end":{"line":385,"column":28}},"287":{"start":{"line":387,"column":4},"end":{"line":395,"column":7}},"288":{"start":{"line":388,"column":6},"end":{"line":388,"column":15}},"289":{"start":{"line":389,"column":6},"end":{"line":391,"column":9}},"290":{"start":{"line":390,"column":8},"end":{"line":390,"column":21}},"291":{"start":{"line":392,"column":6},"end":{"line":392,"column":42}},"292":{"start":{"line":393,"column":6},"end":{"line":393,"column":41}},"293":{"start":{"line":394,"column":6},"end":{"line":394,"column":28}},"294":{"start":{"line":397,"column":2},"end":{"line":399,"column":5}},"295":{"start":{"line":398,"column":4},"end":{"line":398,"column":18}},"296":{"start":{"line":402,"column":0},"end":{"line":442,"column":3}},"297":{"start":{"line":403,"column":2},"end":{"line":403,"column":17}},"298":{"start":{"line":404,"column":2},"end":{"line":404,"column":16}},"299":{"start":{"line":405,"column":2},"end":{"line":405,"column":16}},"300":{"start":{"line":406,"column":2},"end":{"line":409,"column":5}},"301":{"start":{"line":407,"column":4},"end":{"line":407,"column":32}},"302":{"start":{"line":408,"column":4},"end":{"line":408,"column":37}},"303":{"start":{"line":410,"column":2},"end":{"line":427,"column":5}},"304":{"start":{"line":411,"column":4},"end":{"line":411,"column":16}},"305":{"start":{"line":412,"column":4},"end":{"line":412,"column":223}},"306":{"start":{"line":413,"column":4},"end":{"line":420,"column":7}},"307":{"start":{"line":414,"column":6},"end":{"line":419,"column":9}},"308":{"start":{"line":415,"column":8},"end":{"line":415,"column":22}},"309":{"start":{"line":416,"column":8},"end":{"line":416,"column":35}},"310":{"start":{"line":417,"column":8},"end":{"line":417,"column":54}},"311":{"start":{"line":418,"column":8},"end":{"line":418,"column":63}},"312":{"start":{"line":421,"column":4},"end":{"line":426,"column":7}},"313":{"start":{"line":422,"column":6},"end":{"line":422,"column":20}},"314":{"start":{"line":423,"column":6},"end":{"line":423,"column":42}},"315":{"start":{"line":424,"column":6},"end":{"line":424,"column":52}},"316":{"start":{"line":425,"column":6},"end":{"line":425,"column":61}},"317":{"start":{"line":428,"column":2},"end":{"line":436,"column":5}},"318":{"start":{"line":429,"column":4},"end":{"line":429,"column":16}},"319":{"start":{"line":430,"column":4},"end":{"line":430,"column":64}},"320":{"start":{"line":431,"column":4},"end":{"line":435,"column":7}},"321":{"start":{"line":432,"column":6},"end":{"line":434,"column":9}},"322":{"start":{"line":433,"column":8},"end":{"line":433,"column":68}},"323":{"start":{"line":437,"column":2},"end":{"line":441,"column":5}},"324":{"start":{"line":438,"column":4},"end":{"line":440,"column":7}},"325":{"start":{"line":439,"column":6},"end":{"line":439,"column":76}},"326":{"start":{"line":444,"column":0},"end":{"line":462,"column":3}},"327":{"start":{"line":445,"column":2},"end":{"line":445,"column":28}},"328":{"start":{"line":446,"column":2},"end":{"line":446,"column":76}},"329":{"start":{"line":447,"column":2},"end":{"line":447,"column":16}},"330":{"start":{"line":448,"column":2},"end":{"line":448,"column":16}},"331":{"start":{"line":449,"column":2},"end":{"line":452,"column":5}},"332":{"start":{"line":450,"column":4},"end":{"line":450,"column":32}},"333":{"start":{"line":451,"column":4},"end":{"line":451,"column":42}},"334":{"start":{"line":453,"column":2},"end":{"line":461,"column":5}},"335":{"start":{"line":454,"column":4},"end":{"line":460,"column":7}},"336":{"start":{"line":455,"column":6},"end":{"line":459,"column":7}},"337":{"start":{"line":456,"column":8},"end":{"line":456,"column":59}},"338":{"start":{"line":458,"column":8},"end":{"line":458,"column":59}},"339":{"start":{"line":464,"column":0},"end":{"line":470,"column":1}},"340":{"start":{"line":465,"column":2},"end":{"line":465,"column":30}},"341":{"start":{"line":466,"column":7},"end":{"line":470,"column":1}},"342":{"start":{"line":467,"column":2},"end":{"line":467,"column":14}},"343":{"start":{"line":469,"column":2},"end":{"line":469,"column":31}},"344":{"start":{"line":475,"column":0},"end":{"line":481,"column":2}},"345":{"start":{"line":486,"column":0},"end":{"line":487,"column":152}},"346":{"start":{"line":487,"column":45},"end":{"line":487,"column":138}},"347":{"start":{"line":487,"column":92},"end":{"line":487,"column":136}},"348":{"start":{"line":487,"column":127},"end":{"line":487,"column":136}},"349":{"start":{"line":487,"column":139},"end":{"line":487,"column":149}},"350":{"start":{"line":489,"column":0},"end":{"line":489,"column":60}},"351":{"start":{"line":491,"column":0},"end":{"line":503,"column":2}},"352":{"start":{"line":493,"column":4},"end":{"line":493,"column":19}},"353":{"start":{"line":494,"column":4},"end":{"line":496,"column":5}},"354":{"start":{"line":495,"column":6},"end":{"line":495,"column":19}},"355":{"start":{"line":497,"column":4},"end":{"line":497,"column":33}},"356":{"start":{"line":498,"column":4},"end":{"line":498,"column":33}},"357":{"start":{"line":499,"column":4},"end":{"line":501,"column":7}},"358":{"start":{"line":500,"column":6},"end":{"line":500,"column":43}}},"branchMap":{"1":{"line":1,"type":"if","locations":[{"start":{"line":1,"column":20},"end":{"line":1,"column":20}},{"start":{"line":1,"column":20},"end":{"line":1,"column":20}}]},"2":{"line":1,"type":"if","locations":[{"start":{"line":1,"column":30},"end":{"line":1,"column":30}},{"start":{"line":1,"column":30},"end":{"line":1,"column":30}}]},"3":{"line":1,"type":"binary-expr","locations":[{"start":{"line":1,"column":61},"end":{"line":1,"column":87}},{"start":{"line":1,"column":89},"end":{"line":1,"column":96}}]},"4":{"line":1,"type":"if","locations":[{"start":{"line":1,"column":82},"end":{"line":1,"column":82}},{"start":{"line":1,"column":82},"end":{"line":1,"column":82}}]},"5":{"line":1,"type":"binary-expr","locations":[{"start":{"line":1,"column":100},"end":{"line":1,"column":102}},{"start":{"line":1,"column":104},"end":{"line":1,"column":105}}]},"6":{"line":1,"type":"if","locations":[{"start":{"line":1,"column":106},"end":{"line":1,"column":106}},{"start":{"line":1,"column":106},"end":{"line":1,"column":106}}]},"7":{"line":1,"type":"cond-expr","locations":[{"start":{"line":1,"column":308},"end":{"line":1,"column":309}},{"start":{"line":1,"column":310},"end":{"line":1,"column":311}}]},"8":{"line":1,"type":"binary-expr","locations":[{"start":{"line":1,"column":361},"end":{"line":1,"column":387}},{"start":{"line":1,"column":389},"end":{"line":1,"column":396}}]},"9":{"line":22,"type":"binary-expr","locations":[{"start":{"line":22,"column":14},"end":{"line":22,"column":24}},{"start":{"line":22,"column":28},"end":{"line":22,"column":151}}]},"10":{"line":22,"type":"if","locations":[{"start":{"line":22,"column":92},"end":{"line":22,"column":92}},{"start":{"line":22,"column":92},"end":{"line":22,"column":92}}]},"11":{"line":22,"type":"binary-expr","locations":[{"start":{"line":22,"column":96},"end":{"line":22,"column":105}},{"start":{"line":22,"column":109},"end":{"line":22,"column":125}}]},"12":{"line":63,"type":"if","locations":[{"start":{"line":63,"column":6},"end":{"line":63,"column":6}},{"start":{"line":63,"column":6},"end":{"line":63,"column":6}}]},"13":{"line":362,"type":"if","locations":[{"start":{"line":362,"column":8},"end":{"line":362,"column":8}},{"start":{"line":362,"column":8},"end":{"line":362,"column":8}}]},"14":{"line":455,"type":"if","locations":[{"start":{"line":455,"column":6},"end":{"line":455,"column":6}},{"start":{"line":455,"column":6},"end":{"line":455,"column":6}}]},"15":{"line":464,"type":"if","locations":[{"start":{"line":464,"column":0},"end":{"line":464,"column":0}},{"start":{"line":464,"column":0},"end":{"line":464,"column":0}}]},"16":{"line":464,"type":"cond-expr","locations":[{"start":{"line":464,"column":55},"end":{"line":464,"column":76}},{"start":{"line":464,"column":79},"end":{"line":464,"column":85}}]},"17":{"line":464,"type":"binary-expr","locations":[{"start":{"line":464,"column":4},"end":{"line":464,"column":33}},{"start":{"line":464,"column":37},"end":{"line":464,"column":52}}]},"18":{"line":466,"type":"if","locations":[{"start":{"line":466,"column":7},"end":{"line":466,"column":7}},{"start":{"line":466,"column":7},"end":{"line":466,"column":7}}]},"19":{"line":487,"type":"binary-expr","locations":[{"start":{"line":487,"column":14},"end":{"line":487,"column":24}},{"start":{"line":487,"column":28},"end":{"line":487,"column":151}}]},"20":{"line":487,"type":"if","locations":[{"start":{"line":487,"column":92},"end":{"line":487,"column":92}},{"start":{"line":487,"column":92},"end":{"line":487,"column":92}}]},"21":{"line":487,"type":"binary-expr","locations":[{"start":{"line":487,"column":96},"end":{"line":487,"column":105}},{"start":{"line":487,"column":109},"end":{"line":487,"column":125}}]},"22":{"line":494,"type":"if","locations":[{"start":{"line":494,"column":4},"end":{"line":494,"column":4}},{"start":{"line":494,"column":4},"end":{"line":494,"column":4}}]}}}}